#
# There is insufficient memory for the Java Runtime Environment to continue.
# Native memory allocation (mmap) failed to map 132120576 bytes for G1 virtual space
# Possible reasons:
#   The system is out of physical RAM or swap space
#   The process is running with CompressedOops enabled, and the Java Heap may be blocking the growth of the native heap
# Possible solutions:
#   Reduce memory load on the system
#   Increase physical memory or swap space
#   Check if swap backing store is full
#   Decrease Java heap size (-Xmx/-Xms)
#   Decrease number of Java threads
#   Decrease Java thread stack sizes (-Xss)
#   Set larger code cache with -XX:ReservedCodeCacheSize=
#   JVM is running with Unscaled Compressed Oops mode in which the Java heap is
#     placed in the first 4GB address space. The Java Heap base address is the
#     maximum limit for the native heap growth. Please use -XX:HeapBaseMinAddress
#     to set the Java Heap base and to place the Java Heap above 4GB virtual address.
# This output file may be truncated or incomplete.
#
#  Out of Memory Error (os_windows.cpp:3466), pid=14192, tid=5976
#
# JRE version:  (16.0.1+9) (build )
# Java VM: OpenJDK 64-Bit Server VM (16.0.1+9-24, mixed mode, sharing, tiered, compressed oops, compressed class ptrs, g1 gc, windows-amd64)
# No core dump will be written. Minidumps are not enabled by default on client versions of Windows
#

---------------  S U M M A R Y ------------

Command Line: --module-path=C:\Users\84919\Downloads\openjfx-11.0.2_windows-x64_bin-sdk\javafx-sdk-11.0.2\lib --add-modules=javafx.controls,javafx.fxml -javaagent:C:\Program Files\JetBrains\IntelliJ IDEA Community Edition 2021.1.2\lib\idea_rt.jar=60508:C:\Program Files\JetBrains\IntelliJ IDEA Community Edition 2021.1.2\bin -Dfile.encoding=UTF-8 sample.Main

Host: Intel(R) Core(TM) i5-8257U CPU @ 1.40GHz, 8 cores, 7G,  Windows 10 , 64 bit Build 19041 (10.0.19041.1023)
Time: Thu Jul 22 18:01:06 2021 SE Asia Standard Time elapsed time: 0.014054 seconds (0d 0h 0m 0s)

---------------  T H R E A D  ---------------

Current thread (0x0000015f1e2288c0):  JavaThread "Unknown thread" [_thread_in_vm, id=5976, stack(0x0000002d4c300000,0x0000002d4c400000)]

Stack: [0x0000002d4c300000,0x0000002d4c400000]
Native frames: (J=compiled Java code, j=interpreted, Vv=VM code, C=native code)
V  [jvm.dll+0x6687ca]
V  [jvm.dll+0x7ca3c9]
V  [jvm.dll+0x7cbb53]
V  [jvm.dll+0x7cc1b3]
V  [jvm.dll+0x242ea5]
V  [jvm.dll+0x665589]
V  [jvm.dll+0x65a175]
V  [jvm.dll+0x2fc5ab]
V  [jvm.dll+0x3037a6]
V  [jvm.dll+0x352fee]
V  [jvm.dll+0x35321f]
V  [jvm.dll+0x2d3618]
V  [jvm.dll+0x2d4854]
V  [jvm.dll+0x79ccb1]
V  [jvm.dll+0x360de1]
V  [jvm.dll+0x77a990]
V  [jvm.dll+0x3e55af]
V  [jvm.dll+0x3e7081]
C  [jli.dll+0x52fb]
C  [ucrtbase.dll+0x21bb2]
C  [KERNEL32.DLL+0x17034]
C  [ntdll.dll+0x52651]


---------------  P R O C E S S  ---------------

Threads class SMR info:
_java_thread_list=0x00007ffcb3bccbb8, length=0, elements={
}

Java Threads: ( => current thread )

Other Threads:
  0x0000015f1e268be0 GCTaskThread "GC Thread#0" [stack: 0x0000002d4c400000,0x0000002d4c500000] [id=9440]
  0x0000015f1e27c230 ConcurrentGCThread "G1 Main Marker" [stack: 0x0000002d4c500000,0x0000002d4c600000] [id=8964]
  0x0000015f1e27cbb0 ConcurrentGCThread "G1 Conc#0" [stack: 0x0000002d4c600000,0x0000002d4c700000] [id=1376]

[error occurred during error reporting (printing all threads), id 0xc0000005, EXCEPTION_ACCESS_VIOLATION (0xc0000005) at pc=0x00007ffcb33a44d7]

VM state: not at safepoint (not fully initialized)

VM Mutex/Monitor currently owned by a thread:  ([mutex/lock_event])
[0x0000015f1e224f80] Heap_lock - owner thread: 0x0000015f1e2288c0

Heap address: 0x0000000082600000, size: 2010 MB, Compressed Oops mode: 32-bit

CDS archive(s) mapped at: [0x0000000000000000-0x0000000000000000-0x0000000000000000), size 0, SharedBaseAddress: 0x0000000800000000, ArchiveRelocationMode: 0.
Narrow klass base: 0x0000000000000000, Narrow klass shift: 0, Narrow klass range: 0x0

GC Precious Log:
<Empty>

Heap:
 garbage-first heap   total 0K, used 0K [0x0000000082600000, 0x0000000100000000)
  region size 1024K, 0 young (0K), 0 survivors (0K)

[error occurred during error reporting (printing heap information), id 0xc0000005, EXCEPTION_ACCESS_VIOLATION (0xc0000005) at pc=0x00007ffcb37824ed]

GC Heap History (0 events):
No events

Deoptimization events (0 events):
No events

Classes unloaded (0 events):
No events

Classes redefined (0 events):
No events

Internal exceptions (0 events):
No events

Events (1 events):
Event: 0.009 Loaded shared library C:\Users\84919\.jdks\openjdk-16.0.1\bin\java.dll


Dynamic libraries:
0x00007ff7c88a0000 - 0x00007ff7c88ae000 	C:\Users\84919\.jdks\openjdk-16.0.1\bin\java.exe
0x00007ffd12c50000 - 0x00007ffd12e45000 	C:\Windows\SYSTEM32\ntdll.dll
0x00007ffd10f60000 - 0x00007ffd1101d000 	C:\Windows\System32\KERNEL32.DLL
0x00007ffd10390000 - 0x00007ffd10659000 	C:\Windows\System32\KERNELBASE.dll
0x00007ffd10a70000 - 0x00007ffd10b70000 	C:\Windows\System32\ucrtbase.dll
0x00007ffcee580000 - 0x00007ffcee598000 	C:\Users\84919\.jdks\openjdk-16.0.1\bin\jli.dll
0x00007ffd0abf0000 - 0x00007ffd0ac09000 	C:\Users\84919\.jdks\openjdk-16.0.1\bin\VCRUNTIME140.dll
0x00007ffd11880000 - 0x00007ffd11a20000 	C:\Windows\System32\USER32.dll
0x00007ffcf8950000 - 0x00007ffcf8bea000 	C:\Windows\WinSxS\amd64_microsoft.windows.common-controls_6595b64144ccf1df_6.0.19041.1110_none_60b5254171f9507e\COMCTL32.dll
0x00007ffd10bc0000 - 0x00007ffd10be2000 	C:\Windows\System32\win32u.dll
0x00007ffd11550000 - 0x00007ffd115ee000 	C:\Windows\System32\msvcrt.dll
0x00007ffd10e00000 - 0x00007ffd10e2a000 	C:\Windows\System32\GDI32.dll
0x00007ffd10820000 - 0x00007ffd1092b000 	C:\Windows\System32\gdi32full.dll
0x00007ffd10bf0000 - 0x00007ffd10c8d000 	C:\Windows\System32\msvcp_win.dll
0x00007ffd11720000 - 0x00007ffd11750000 	C:\Windows\System32\IMM32.DLL
0x00007ffcfacb0000 - 0x00007ffcfacbc000 	C:\Users\84919\.jdks\openjdk-16.0.1\bin\vcruntime140_1.dll
0x00007ffcdab10000 - 0x00007ffcdaba1000 	C:\Users\84919\.jdks\openjdk-16.0.1\bin\msvcp140.dll
0x00007ffcb30c0000 - 0x00007ffcb3c6b000 	C:\Users\84919\.jdks\openjdk-16.0.1\bin\server\jvm.dll
0x00007ffd120d0000 - 0x00007ffd1217c000 	C:\Windows\System32\ADVAPI32.dll
0x00007ffd12b70000 - 0x00007ffd12c0b000 	C:\Windows\System32\sechost.dll
0x00007ffd11750000 - 0x00007ffd1187a000 	C:\Windows\System32\RPCRT4.dll
0x00007ffd12950000 - 0x00007ffd12958000 	C:\Windows\System32\PSAPI.DLL
0x00007ffd09820000 - 0x00007ffd0982a000 	C:\Windows\SYSTEM32\VERSION.dll
0x00007ffcfac60000 - 0x00007ffcfac69000 	C:\Windows\SYSTEM32\WSOCK32.dll
0x00007ffcfea70000 - 0x00007ffcfea97000 	C:\Windows\SYSTEM32\WINMM.dll
0x00007ffd115f0000 - 0x00007ffd1165b000 	C:\Windows\System32\WS2_32.dll
0x00007ffd0e2c0000 - 0x00007ffd0e2d2000 	C:\Windows\SYSTEM32\kernel.appcore.dll
0x00007ffcfac70000 - 0x00007ffcfac7a000 	C:\Users\84919\.jdks\openjdk-16.0.1\bin\jimage.dll
0x00007ffd0db10000 - 0x00007ffd0dcf4000 	C:\Windows\SYSTEM32\DBGHELP.DLL
0x00007ffcfcda0000 - 0x00007ffcfcdcc000 	C:\Windows\SYSTEM32\dbgcore.DLL
0x00007ffd109e0000 - 0x00007ffd10a63000 	C:\Windows\System32\bcryptPrimitives.dll
0x00007ffd0b2e0000 - 0x00007ffd0b2ee000 	C:\Users\84919\.jdks\openjdk-16.0.1\bin\instrument.dll
0x00007ffcee550000 - 0x00007ffcee575000 	C:\Users\84919\.jdks\openjdk-16.0.1\bin\java.dll

dbghelp: loaded successfully - version: 4.0.5 - missing functions: none
symbol engine: initialized successfully - sym options: 0x614 - pdb path: .;C:\Users\84919\.jdks\openjdk-16.0.1\bin;C:\Windows\SYSTEM32;C:\Windows\WinSxS\amd64_microsoft.windows.common-controls_6595b64144ccf1df_6.0.19041.1110_none_60b5254171f9507e;C:\Users\84919\.jdks\openjdk-16.0.1\bin\server

VM Arguments:
jvm_args: --module-path=C:\Users\84919\Downloads\openjfx-11.0.2_windows-x64_bin-sdk\javafx-sdk-11.0.2\lib --add-modules=javafx.controls,javafx.fxml -javaagent:C:\Program Files\JetBrains\IntelliJ IDEA Community Edition 2021.1.2\lib\idea_rt.jar=60508:C:\Program Files\JetBrains\IntelliJ IDEA Community Edition 2021.1.2\bin -Dfile.encoding=UTF-8 
java_command: sample.Main
java_class_path (initial): C:\Users\84919\Documents\Project\FinalProjectTeamExpected\out\production\FinalProjectTeamExpected;C:\Users\84919\Downloads\openjfx-11.0.2_windows-x64_bin-sdk\javafx-sdk-11.0.2\lib\src.zip;C:\Users\84919\Downloads\openjfx-11.0.2_windows-x64_bin-sdk\javafx-sdk-11.0.2\lib\javafx-swt.jar;C:\Users\84919\Downloads\openjfx-11.0.2_windows-x64_bin-sdk\javafx-sdk-11.0.2\lib\javafx.web.jar;C:\Users\84919\Downloads\openjfx-11.0.2_windows-x64_bin-sdk\javafx-sdk-11.0.2\lib\javafx.base.jar;C:\Users\84919\Downloads\openjfx-11.0.2_windows-x64_bin-sdk\javafx-sdk-11.0.2\lib\javafx.fxml.jar;C:\Users\84919\Downloads\openjfx-11.0.2_windows-x64_bin-sdk\javafx-sdk-11.0.2\lib\javafx.media.jar;C:\Users\84919\Downloads\openjfx-11.0.2_windows-x64_bin-sdk\javafx-sdk-11.0.2\lib\javafx.swing.jar;C:\Users\84919\Downloads\openjfx-11.0.2_windows-x64_bin-sdk\javafx-sdk-11.0.2\lib\javafx.controls.jar;C:\Users\84919\Downloads\openjfx-11.0.2_windows-x64_bin-sdk\javafx-sdk-11.0.2\lib\javafx.graphics.jar
Launcher Type: SUN_STANDARD

[Global flags]
     intx CICompilerCount                          = 4                                         {product} {ergonomic}
     uint ConcGCThreads                            = 2                                         {product} {ergonomic}
     uint G1ConcRefinementThreads                  = 8                                         {product} {ergonomic}
   size_t G1HeapRegionSize                         = 1048576                                   {product} {ergonomic}
    uintx GCDrainStackTargetSize                   = 64                                        {product} {ergonomic}
   size_t InitialHeapSize                          = 132120576                                 {product} {ergonomic}
   size_t MarkStackSize                            = 4194304                                   {product} {ergonomic}
   size_t MaxHeapSize                              = 2107637760                                {product} {ergonomic}
   size_t MinHeapDeltaBytes                        = 1048576                                   {product} {ergonomic}
   size_t MinHeapSize                              = 8388608                                   {product} {ergonomic}
    uintx NonNMethodCodeHeapSize                   = 5839372                                {pd product} {ergonomic}
    uintx NonProfiledCodeHeapSize                  = 122909434                              {pd product} {ergonomic}
    uintx ProfiledCodeHeapSize                     = 122909434                              {pd product} {ergonomic}
    uintx ReservedCodeCacheSize                    = 251658240                              {pd product} {ergonomic}
     bool SegmentedCodeCache                       = true                                      {product} {ergonomic}
   size_t SoftMaxHeapSize                          = 2107637760                             {manageable} {ergonomic}
     bool UseCompressedClassPointers               = true                           {product lp64_product} {ergonomic}
     bool UseCompressedOops                        = true                           {product lp64_product} {ergonomic}
     bool UseG1GC                                  = true                                      {product} {ergonomic}
     bool UseLargePagesIndividualAllocation        = false                                  {pd product} {ergonomic}

Logging:
Log output configuration:
 #0: stdout all=warning uptime,level,tags
 #1: stderr all=off uptime,level,tags

Environment Variables:
PATH=C:\Program Files (x86)\NVIDIA Corporation\PhysX\Common;C:\Windows\system32;C:\Windows;C:\Windows\System32\Wbem;C:\Windows\System32\WindowsPowerShell\v1.0\;C:\Windows\System32\OpenSSH\;C:\Program Files (x86)\Windows Kits\8.1\Windows Performance Toolkit\;C:\Program Files\MATLAB\R2021a\bin;C:\Program Files\Git\cmd;C:\Users\84919\AppData\Local\Microsoft\WindowsApps;C:\Users\84919\AppData\Local\JetBrains\IntelliJ IDEA Community Edition 2021.1.2\bin;C:\Users\84919\AppData\Local\gitkraken\bin
USERNAME=84919
OS=Windows_NT
PROCESSOR_IDENTIFIER=Intel64 Family 6 Model 142 Stepping 10, GenuineIntel



---------------  S Y S T E M  ---------------

OS:
 Windows 10 , 64 bit Build 19041 (10.0.19041.1023)
OS uptime: 0 days 9:44 hours

CPU: total 8 (initial active 8) (4 cores per cpu, 2 threads per core) family 6 model 142 stepping 10 microcode 0xe0, cx8, cmov, fxsr, ht, mmx, 3dnowpref, sse, sse2, sse3, ssse3, sse4.1, sse4.2, popcnt, lzcnt, tsc, tscinvbit, avx, avx2, aes, erms, clmul, bmi1, bmi2, adx, fma, vzeroupper, clflush, clflushopt

Memory: 4k page, system-wide physical 8038M (655M free)
TotalPageFile size 15580M (AvailPageFile size 107M)
current process WorkingSet (physical memory assigned to process): 10M, peak: 10M
current process commit charge ("private bytes"): 60M, peak: 186M

vm_info: OpenJDK 64-Bit Server VM (16.0.1+9-24) for windows-amd64 JRE (16.0.1+9-24), built on Mar 26 2021 19:30:07 by "mach5one" with MS VC++ 16.7 (VS2019)

END.
